2019-03-14 17:33:56,946 ERROR: Exception on /index [GET] [in /Users/zhangwei/Downloads/projects/microblog/venv/lib/python3.7/site-packages/flask/app.py:1761]
Traceback (most recent call last):
  File "/Users/zhangwei/Downloads/projects/microblog/venv/lib/python3.7/site-packages/flask/app.py", line 2292, in wsgi_app
    response = self.full_dispatch_request()
  File "/Users/zhangwei/Downloads/projects/microblog/venv/lib/python3.7/site-packages/flask/app.py", line 1815, in full_dispatch_request
    rv = self.handle_user_exception(e)
  File "/Users/zhangwei/Downloads/projects/microblog/venv/lib/python3.7/site-packages/flask/app.py", line 1718, in handle_user_exception
    reraise(exc_type, exc_value, tb)
  File "/Users/zhangwei/Downloads/projects/microblog/venv/lib/python3.7/site-packages/flask/_compat.py", line 35, in reraise
    raise value
  File "/Users/zhangwei/Downloads/projects/microblog/venv/lib/python3.7/site-packages/flask/app.py", line 1813, in full_dispatch_request
    rv = self.dispatch_request()
  File "/Users/zhangwei/Downloads/projects/microblog/venv/lib/python3.7/site-packages/flask/app.py", line 1799, in dispatch_request
    return self.view_functions[rule.endpoint](**req.view_args)
  File "/Users/zhangwei/Downloads/projects/microblog/app/routes.py", line 12, in index
    form = PostForm()
TypeError: PostForm() missing 1 required positional argument: 'FlaskForm'
2019-03-14 17:34:00,668 ERROR: Exception on /index [GET] [in /Users/zhangwei/Downloads/projects/microblog/venv/lib/python3.7/site-packages/flask/app.py:1761]
Traceback (most recent call last):
  File "/Users/zhangwei/Downloads/projects/microblog/venv/lib/python3.7/site-packages/flask/app.py", line 2292, in wsgi_app
    response = self.full_dispatch_request()
  File "/Users/zhangwei/Downloads/projects/microblog/venv/lib/python3.7/site-packages/flask/app.py", line 1815, in full_dispatch_request
    rv = self.handle_user_exception(e)
  File "/Users/zhangwei/Downloads/projects/microblog/venv/lib/python3.7/site-packages/flask/app.py", line 1718, in handle_user_exception
    reraise(exc_type, exc_value, tb)
  File "/Users/zhangwei/Downloads/projects/microblog/venv/lib/python3.7/site-packages/flask/_compat.py", line 35, in reraise
    raise value
  File "/Users/zhangwei/Downloads/projects/microblog/venv/lib/python3.7/site-packages/flask/app.py", line 1813, in full_dispatch_request
    rv = self.dispatch_request()
  File "/Users/zhangwei/Downloads/projects/microblog/venv/lib/python3.7/site-packages/flask/app.py", line 1799, in dispatch_request
    return self.view_functions[rule.endpoint](**req.view_args)
  File "/Users/zhangwei/Downloads/projects/microblog/app/routes.py", line 12, in index
    form = PostForm()
TypeError: PostForm() missing 1 required positional argument: 'FlaskForm'
